Copyright 1986-2016 Xilinx, Inc. All Rights Reserved.
------------------------------------------------------------------------------------
| Tool Version : Vivado v.2016.4 (win64) Build 1756540 Mon Jan 23 19:11:23 MST 2017
| Date         : Mon Sep 18 16:47:40 2017
| Host         : DESKTOP-PDSMUE7 running 64-bit major release  (build 9200)
| Command      : upgrade_ip
| Device       : xcvu440-flga2892-2-e
------------------------------------------------------------------------------------

Upgrade Log for IP 'rom_shift'

1. Summary
----------

SUCCESS in the update of rom_shift (xilinx.com:ip:blk_mem_gen:8.3 (Rev. 5)) to current project options.






Copyright 1986-2016 Xilinx, Inc. All Rights Reserved.
------------------------------------------------------------------------------------
| Tool Version : Vivado v.2016.4 (win64) Build 1756540 Mon Jan 23 19:11:23 MST 2017
| Date         : Mon Sep 18 16:47:37 2017
| Host         : DESKTOP-PDSMUE7 running 64-bit major release  (build 9200)
| Command      : upgrade_ip
| Device       : xcvu440-flga2892-2-e
------------------------------------------------------------------------------------

Upgrade Log for IP 'mem_v2c_sign'

1. Summary
----------

SUCCESS in the update of mem_v2c_sign (xilinx.com:ip:blk_mem_gen:8.3 (Rev. 5)) to current project options.






Copyright 1986-2016 Xilinx, Inc. All Rights Reserved.
------------------------------------------------------------------------------------
| Tool Version : Vivado v.2016.4 (win64) Build 1756540 Mon Jan 23 19:11:23 MST 2017
| Date         : Mon Sep 18 16:47:35 2017
| Host         : DESKTOP-PDSMUE7 running 64-bit major release  (build 9200)
| Command      : upgrade_ip
| Device       : xcvu440-flga2892-2-e
------------------------------------------------------------------------------------

Upgrade Log for IP 'mem_app'

1. Summary
----------

SUCCESS in the update of mem_app (xilinx.com:ip:blk_mem_gen:8.3 (Rev. 5)) to current project options.






Copyright 1986-2016 Xilinx, Inc. All Rights Reserved.
------------------------------------------------------------------------------------
| Tool Version : Vivado v.2016.4 (win64) Build 1756540 Mon Jan 23 19:11:23 MST 2017
| Date         : Mon Sep 18 16:47:31 2017
| Host         : DESKTOP-PDSMUE7 running 64-bit major release  (build 9200)
| Command      : upgrade_ip
| Device       : xcvu440-flga2892-2-e
------------------------------------------------------------------------------------

Upgrade Log for IP 'llr_mem'

1. Summary
----------

SUCCESS in the update of llr_mem (xilinx.com:ip:blk_mem_gen:8.3 (Rev. 5)) to current project options.

